<?xml version="1.0" encoding="UTF-8"?>
<testsuite name="RestAssuredClass" tests="11" skipped="0" failures="0" errors="0" timestamp="2022-10-21T10:43:07" hostname="MX3500006DC0924" time="7.613">
  <properties/>
  <testcase name="LoginRequestTest()" classname="RestAssuredClass" time="5.233"/>
  <testcase name="getAllUsersTest()" classname="RestAssuredClass" time="0.38"/>
  <testcase name="putUserTest()" classname="RestAssuredClass" time="0.227"/>
  <testcase name="getSingleUserTest()" classname="RestAssuredClass" time="0.143"/>
  <testcase name="registerMailTest()" classname="RestAssuredClass" time="0.486"/>
  <testcase name="getUsersTest()" classname="RestAssuredClass" time="0.365"/>
  <testcase name="createUserTest()" classname="RestAssuredClass" time="0.18"/>
  <testcase name="getNumUsersTest2()" classname="RestAssuredClass" time="0.149"/>
  <testcase name="getNumUsersTest()" classname="RestAssuredClass" time="0.117"/>
  <testcase name="patchUserTest()" classname="RestAssuredClass" time="0.169"/>
  <testcase name="deleteUserTest()" classname="RestAssuredClass" time="0.145"/>
  <system-out><![CDATA[2022-10-21T12:43:05,823 [Test worker] INFO  (BaseTest.java:29) - Iniciando el configuraciÃ³n
2022-10-21T12:43:07,008 [Test worker] INFO  (ApplicationProperties.java:34) - Property
2022-10-21T12:43:07,183 [Test worker] INFO  (BaseTest.java:31) - La configuraciÃ³n ha ido bien
Request method:	POST
Request URI:	https://reqres.in/api/login
Proxy:			<none>
Request params:	<none>
Query params:	<none>
Form params:	<none>
Path params:	<none>
Headers:		Accept=*/*
				Content-Type=application/json
Cookies:		<none>
Multiparts:		<none>
Body:
{
    "email": "eve.holt@reqres.in",
    "password": "cityslicka"
}
HTTP/1.1 200 OK
Date: Fri, 21 Oct 2022 10:45:49 GMT
Content-Type: application/json; charset=utf-8
Content-Length: 29
Connection: keep-alive
X-Powered-By: Express
Access-Control-Allow-Origin: *
Etag: W/"1d-lGCrvD6B7Qzk11+2C98+nGhhuec"
Via: 1.1 vegur
CF-Cache-Status: DYNAMIC
Report-To: {"endpoints":[{"url":"https:\/\/a.nel.cloudflare.com\/report\/v3?s=dEjuTlfas4fUFHqbBiFUgTiP8u8AbH4KOxVraq%2FEfyOiFF5rOZ4W%2Fm2loz2scqQiJlS43KWDMS2rAAWmtYAzIGee4LFxLD9AnNljhEZlqGlEB1XlKwhL5C%2BF0Q%3D%3D"}],"group":"cf-nel","max_age":604800}
NEL: {"success_fraction":0,"report_to":"cf-nel","max_age":604800}
Server: cloudflare
CF-RAY: 75d967e5e95237cd-MAD

{
    "token": "QpwL5tke4Pnpja7X4"
}
Request method:	GET
Request URI:	https://reqres.in/api/users?page=2
Proxy:			<none>
Request params:	<none>
Query params:	<none>
Form params:	<none>
Path params:	<none>
Headers:		Accept=*/*
				Content-Type=application/json
Cookies:		<none>
Multiparts:		<none>
Body:			<none>
HTTP/1.1 200 OK
Date: Fri, 21 Oct 2022 10:45:51 GMT
Content-Type: application/json; charset=utf-8
Transfer-Encoding: chunked
Connection: keep-alive
X-Powered-By: Express
Access-Control-Allow-Origin: *
Etag: W/"406-ut0vzoCuidvyMf8arZpMpJ6ZRDw"
Via: 1.1 vegur
Cache-Control: max-age=14400
CF-Cache-Status: HIT
Age: 6884
Report-To: {"endpoints":[{"url":"https:\/\/a.nel.cloudflare.com\/report\/v3?s=2kzuWCi4dxBajP7rHVGWq7NORT%2FcuXCiQg92a64Nk81NIJlyAkkFBi2qHKEcou0mGMmRH7UW6TwtiNOJST7cKO8gU3RCXvPCsat0crgMWPD5Rqzk5iT%2FcPx4ng%3D%3D"}],"group":"cf-nel","max_age":604800}
NEL: {"success_fraction":0,"report_to":"cf-nel","max_age":604800}
Vary: Accept-Encoding
Server: cloudflare
CF-RAY: 75d967f1dc8b69cc-MAD
Content-Encoding: gzip

{
    "page": 2,
    "per_page": 6,
    "total": 12,
    "total_pages": 2,
    "data": [
        {
            "id": 7,
            "email": "michael.lawson@reqres.in",
            "first_name": "Michael",
            "last_name": "Lawson",
            "avatar": "https://reqres.in/img/faces/7-image.jpg"
        },
        {
            "id": 8,
            "email": "lindsay.ferguson@reqres.in",
            "first_name": "Lindsay",
            "last_name": "Ferguson",
            "avatar": "https://reqres.in/img/faces/8-image.jpg"
        },
        {
            "id": 9,
            "email": "tobias.funke@reqres.in",
            "first_name": "Tobias",
            "last_name": "Funke",
            "avatar": "https://reqres.in/img/faces/9-image.jpg"
        },
        {
            "id": 10,
            "email": "byron.fields@reqres.in",
            "first_name": "Byron",
            "last_name": "Fields",
            "avatar": "https://reqres.in/img/faces/10-image.jpg"
        },
        {
            "id": 11,
            "email": "george.edwards@reqres.in",
            "first_name": "George",
            "last_name": "Edwards",
            "avatar": "https://reqres.in/img/faces/11-image.jpg"
        },
        {
            "id": 12,
            "email": "rachel.howell@reqres.in",
            "first_name": "Rachel",
            "last_name": "Howell",
            "avatar": "https://reqres.in/img/faces/12-image.jpg"
        }
    ],
    "support": {
        "url": "https://reqres.in/#support-heading",
        "text": "To keep ReqRes free, contributions towards server costs are appreciated!"
    }
}
Date=Fri, 21 Oct 2022 10:45:51 GMT
Content-Type=application/json; charset=utf-8
Transfer-Encoding=chunked
Connection=keep-alive
X-Powered-By=Express
Access-Control-Allow-Origin=*
Etag=W/"406-ut0vzoCuidvyMf8arZpMpJ6ZRDw"
Via=1.1 vegur
Cache-Control=max-age=14400
CF-Cache-Status=HIT
Age=6884
Report-To={"endpoints":[{"url":"https:\/\/a.nel.cloudflare.com\/report\/v3?s=2kzuWCi4dxBajP7rHVGWq7NORT%2FcuXCiQg92a64Nk81NIJlyAkkFBi2qHKEcou0mGMmRH7UW6TwtiNOJST7cKO8gU3RCXvPCsat0crgMWPD5Rqzk5iT%2FcPx4ng%3D%3D"}],"group":"cf-nel","max_age":604800}
NEL={"success_fraction":0,"report_to":"cf-nel","max_age":604800}
Vary=Accept-Encoding
Server=cloudflare
CF-RAY=75d967f1dc8b69cc-MAD
Content-Encoding=gzip
200
{"page":2,"per_page":6,"total":12,"total_pages":2,"data":[{"id":7,"email":"michael.lawson@reqres.in","first_name":"Michael","last_name":"Lawson","avatar":"https://reqres.in/img/faces/7-image.jpg"},{"id":8,"email":"lindsay.ferguson@reqres.in","first_name":"Lindsay","last_name":"Ferguson","avatar":"https://reqres.in/img/faces/8-image.jpg"},{"id":9,"email":"tobias.funke@reqres.in","first_name":"Tobias","last_name":"Funke","avatar":"https://reqres.in/img/faces/9-image.jpg"},{"id":10,"email":"byron.fields@reqres.in","first_name":"Byron","last_name":"Fields","avatar":"https://reqres.in/img/faces/10-image.jpg"},{"id":11,"email":"george.edwards@reqres.in","first_name":"George","last_name":"Edwards","avatar":"https://reqres.in/img/faces/11-image.jpg"},{"id":12,"email":"rachel.howell@reqres.in","first_name":"Rachel","last_name":"Howell","avatar":"https://reqres.in/img/faces/12-image.jpg"}],"support":{"url":"https://reqres.in/#support-heading","text":"To keep ReqRes free, contributions towards server costs are appreciated!"}}
application/json; charset=utf-8
Request method:	PUT
Request URI:	https://reqres.in/api/users/2
Proxy:			<none>
Request params:	<none>
Query params:	<none>
Form params:	<none>
Path params:	<none>
Headers:		Accept=*/*
				Content-Type=application/json
Cookies:		<none>
Multiparts:		<none>
Body:
{
    "name": "morpheus",
    "job": "zion resident"
}
HTTP/1.1 200 OK
Date: Fri, 21 Oct 2022 10:45:51 GMT
Content-Type: application/json; charset=utf-8
Transfer-Encoding: chunked
Connection: keep-alive
X-Powered-By: Express
Access-Control-Allow-Origin: *
Etag: W/"50-sxWhyx9NULOtzr7/ttBeQ9awCac"
Via: 1.1 vegur
CF-Cache-Status: DYNAMIC
Report-To: {"endpoints":[{"url":"https:\/\/a.nel.cloudflare.com\/report\/v3?s=Hs41K%2Baiy5cUnMASsIFZ91alhmrKSKYQvAX7gSwlsaiP1W1BT%2F8gytaPsElfbeyQmNPs78vsH1pLyx0zXxjPsyymDNWdxaACPQv9eX93YxpQaC6Yy%2B0RjQraAQ%3D%3D"}],"group":"cf-nel","max_age":604800}
NEL: {"success_fraction":0,"report_to":"cf-nel","max_age":604800}
Vary: Accept-Encoding
Server: cloudflare
CF-RAY: 75d967f3cf9937df-MAD
Content-Encoding: gzip

{
    "name": "morpheus",
    "job": "zion resident",
    "updatedAt": "2022-10-21T10:45:51.390Z"
}
Request method:	GET
Request URI:	https://reqres.in/api/users/2
Proxy:			<none>
Request params:	<none>
Query params:	<none>
Form params:	<none>
Path params:	<none>
Headers:		Accept=*/*
				Content-Type=application/json
Cookies:		<none>
Multiparts:		<none>
Body:			<none>
HTTP/1.1 200 OK
Date: Fri, 21 Oct 2022 10:45:51 GMT
Content-Type: application/json; charset=utf-8
Transfer-Encoding: chunked
Connection: keep-alive
X-Powered-By: Express
Access-Control-Allow-Origin: *
Etag: W/"118-pbdwwFo9SKNhD3Lx5iHJyngpq00"
Via: 1.1 vegur
Cache-Control: max-age=14400
CF-Cache-Status: HIT
Age: 5741
Report-To: {"endpoints":[{"url":"https:\/\/a.nel.cloudflare.com\/report\/v3?s=61Xf3BhTHo9GjZxc%2BQxbo6txju3cTVU%2BtF0JpQdyWpyOJIv2LrtGOwqRdbcALBXn3%2FKCw8NgXomrGENR5OT1yF5QKcegLyctcI7hWXvUQr8RpPVUKLyzD9X%2Brg%3D%3D"}],"group":"cf-nel","max_age":604800}
NEL: {"success_fraction":0,"report_to":"cf-nel","max_age":604800}
Vary: Accept-Encoding
Server: cloudflare
CF-RAY: 75d967f51a6b69d0-MAD
Content-Encoding: gzip

{
    "data": {
        "id": 2,
        "email": "janet.weaver@reqres.in",
        "first_name": "Janet",
        "last_name": "Weaver",
        "avatar": "https://reqres.in/img/faces/2-image.jpg"
    },
    "support": {
        "url": "https://reqres.in/#support-heading",
        "text": "To keep ReqRes free, contributions towards server costs are appreciated!"
    }
}
Request method:	POST
Request URI:	https://reqres.in/api/register
Proxy:			<none>
Request params:	<none>
Query params:	<none>
Form params:	<none>
Path params:	<none>
Headers:		Accept=*/*
				Content-Type=application/json
Cookies:		<none>
Multiparts:		<none>
Body:
{
    "password": "pistol",
    "email": "eve.holt@reqres.in"
}
HTTP/1.1 200 OK
Date: Fri, 21 Oct 2022 10:45:52 GMT
Content-Type: application/json; charset=utf-8
Content-Length: 36
Connection: keep-alive
X-Powered-By: Express
Access-Control-Allow-Origin: *
Etag: W/"24-4iP0za1geN2he+ohu8F0FhCjLks"
Via: 1.1 vegur
CF-Cache-Status: DYNAMIC
Report-To: {"endpoints":[{"url":"https:\/\/a.nel.cloudflare.com\/report\/v3?s=Jycqp7RfI0Bg2Hs0znh%2FIKzi7YNmLuAjXZy6wK73cDJdcjj1DJCnJVfmsqQcUM%2Bax2A9ciK6uQdhKBgPfLAPFrTUWzLZ0Jfl5dAHcP%2F5VxTUMRQZRDzJVE8hhg%3D%3D"}],"group":"cf-nel","max_age":604800}
NEL: {"success_fraction":0,"report_to":"cf-nel","max_age":604800}
Server: cloudflare
CF-RAY: 75d967f78e2669cc-MAD

{
    "id": 4,
    "token": "QpwL5tke4Pnpja7X4"
}
Request method:	GET
Request URI:	https://reqres.in/api/users?page=2
Proxy:			<none>
Request params:	<none>
Query params:	<none>
Form params:	<none>
Path params:	<none>
Headers:		Accept=*/*
				Content-Type=application/json
Cookies:		<none>
Multiparts:		<none>
Body:			<none>
HTTP/1.1 200 OK
Date: Fri, 21 Oct 2022 10:45:52 GMT
Content-Type: application/json; charset=utf-8
Transfer-Encoding: chunked
Connection: keep-alive
X-Powered-By: Express
Access-Control-Allow-Origin: *
Etag: W/"406-ut0vzoCuidvyMf8arZpMpJ6ZRDw"
Via: 1.1 vegur
Cache-Control: max-age=14400
CF-Cache-Status: HIT
Age: 1489
Report-To: {"endpoints":[{"url":"https:\/\/a.nel.cloudflare.com\/report\/v3?s=HtlkptzuUwJvwN4zaQ3BJcrqUh9PYi0WxWOwI2CALK9fTbwKndIqPSIoxrJONx8tYXrerTJTg5bAKqxa6HGYJxswsFzG4IdQFFDOAeuK%2BVLzB8UXDBtNyR7gfQ%3D%3D"}],"group":"cf-nel","max_age":604800}
NEL: {"success_fraction":0,"report_to":"cf-nel","max_age":604800}
Vary: Accept-Encoding
Server: cloudflare
CF-RAY: 75d967f91e9d8672-MAD
Content-Encoding: gzip

{
    "page": 2,
    "per_page": 6,
    "total": 12,
    "total_pages": 2,
    "data": [
        {
            "id": 7,
            "email": "michael.lawson@reqres.in",
            "first_name": "Michael",
            "last_name": "Lawson",
            "avatar": "https://reqres.in/img/faces/7-image.jpg"
        },
        {
            "id": 8,
            "email": "lindsay.ferguson@reqres.in",
            "first_name": "Lindsay",
            "last_name": "Ferguson",
            "avatar": "https://reqres.in/img/faces/8-image.jpg"
        },
        {
            "id": 9,
            "email": "tobias.funke@reqres.in",
            "first_name": "Tobias",
            "last_name": "Funke",
            "avatar": "https://reqres.in/img/faces/9-image.jpg"
        },
        {
            "id": 10,
            "email": "byron.fields@reqres.in",
            "first_name": "Byron",
            "last_name": "Fields",
            "avatar": "https://reqres.in/img/faces/10-image.jpg"
        },
        {
            "id": 11,
            "email": "george.edwards@reqres.in",
            "first_name": "George",
            "last_name": "Edwards",
            "avatar": "https://reqres.in/img/faces/11-image.jpg"
        },
        {
            "id": 12,
            "email": "rachel.howell@reqres.in",
            "first_name": "Rachel",
            "last_name": "Howell",
            "avatar": "https://reqres.in/img/faces/12-image.jpg"
        }
    ],
    "support": {
        "url": "https://reqres.in/#support-heading",
        "text": "To keep ReqRes free, contributions towards server costs are appreciated!"
    }
}
page 2
total_page 2
Id_First_User 7
Email del primer usuario de id mayor a 10 y apellido Howell rachel.howell@reqres.in
Request method:	POST
Request URI:	https://reqres.in/api/users
Proxy:			<none>
Request params:	<none>
Query params:	<none>
Form params:	<none>
Path params:	<none>
Headers:		Accept=*/*
				Content-Type=application/json
Cookies:		<none>
Multiparts:		<none>
Body:
{
    "name": "morpheus",
    "job": "leader"
}
HTTP/1.1 201 Created
Date: Fri, 21 Oct 2022 10:45:52 GMT
Content-Type: application/json; charset=utf-8
Content-Length: 84
Connection: keep-alive
X-Powered-By: Express
Access-Control-Allow-Origin: *
Etag: W/"54-TsdUraDuiTdEnElMVRceD3L5TFs"
Via: 1.1 vegur
CF-Cache-Status: DYNAMIC
Report-To: {"endpoints":[{"url":"https:\/\/a.nel.cloudflare.com\/report\/v3?s=GStE1XiNR2IlRgCiVO81DToP6VWHXfxh1TPZ3bIBArUyHyPWN0xF9dVZOlmyXu%2F67cCsozFiDSyd2T0HudgmtK%2FPF5Y7%2FN%2B%2BPRGrLZu%2F%2BzcSLgsEpMmj%2BqhACA%3D%3D"}],"group":"cf-nel","max_age":604800}
NEL: {"success_fraction":0,"report_to":"cf-nel","max_age":604800}
Server: cloudflare
CF-RAY: 75d967fb89f5866f-MAD

{
    "name": "morpheus",
    "job": "leader",
    "id": "212",
    "createdAt": "2022-10-21T10:45:52.629Z"
}
Request method:	GET
Request URI:	https://reqres.in/api/users?page=2
Proxy:			<none>
Request params:	<none>
Query params:	<none>
Form params:	<none>
Path params:	<none>
Headers:		Accept=*/*
				Content-Type=application/json
Cookies:		<none>
Multiparts:		<none>
Body:			<none>
HTTP/1.1 200 OK
Date: Fri, 21 Oct 2022 10:45:52 GMT
Content-Type: application/json; charset=utf-8
Transfer-Encoding: chunked
Connection: keep-alive
X-Powered-By: Express
Access-Control-Allow-Origin: *
Etag: W/"406-ut0vzoCuidvyMf8arZpMpJ6ZRDw"
Via: 1.1 vegur
Cache-Control: max-age=14400
CF-Cache-Status: HIT
Age: 3994
Report-To: {"endpoints":[{"url":"https:\/\/a.nel.cloudflare.com\/report\/v3?s=IHK5W29QQnTTGLaPlziUvS44a9gm4hrehASaWe7cyBmSLW3blwdKjRX8rATb%2FxVTzATl%2FO9j7fIEeYrWdZKsvNJxbW%2Fg2VkWkdCnMnbxd2a9kVb4oC29c0l0%2BQ%3D%3D"}],"group":"cf-nel","max_age":604800}
NEL: {"success_fraction":0,"report_to":"cf-nel","max_age":604800}
Vary: Accept-Encoding
Server: cloudflare
CF-RAY: 75d967fcced9041c-MAD
Content-Encoding: gzip

{
    "page": 2,
    "per_page": 6,
    "total": 12,
    "total_pages": 2,
    "data": [
        {
            "id": 7,
            "email": "michael.lawson@reqres.in",
            "first_name": "Michael",
            "last_name": "Lawson",
            "avatar": "https://reqres.in/img/faces/7-image.jpg"
        },
        {
            "id": 8,
            "email": "lindsay.ferguson@reqres.in",
            "first_name": "Lindsay",
            "last_name": "Ferguson",
            "avatar": "https://reqres.in/img/faces/8-image.jpg"
        },
        {
            "id": 9,
            "email": "tobias.funke@reqres.in",
            "first_name": "Tobias",
            "last_name": "Funke",
            "avatar": "https://reqres.in/img/faces/9-image.jpg"
        },
        {
            "id": 10,
            "email": "byron.fields@reqres.in",
            "first_name": "Byron",
            "last_name": "Fields",
            "avatar": "https://reqres.in/img/faces/10-image.jpg"
        },
        {
            "id": 11,
            "email": "george.edwards@reqres.in",
            "first_name": "George",
            "last_name": "Edwards",
            "avatar": "https://reqres.in/img/faces/11-image.jpg"
        },
        {
            "id": 12,
            "email": "rachel.howell@reqres.in",
            "first_name": "Rachel",
            "last_name": "Howell",
            "avatar": "https://reqres.in/img/faces/12-image.jpg"
        }
    ],
    "support": {
        "url": "https://reqres.in/#support-heading",
        "text": "To keep ReqRes free, contributions towards server costs are appreciated!"
    }
}
Usuarios: 6
Request method:	GET
Request URI:	https://reqres.in/api/users?page=2
Proxy:			<none>
Request params:	<none>
Query params:	<none>
Form params:	<none>
Path params:	<none>
Headers:		Accept=*/*
				Content-Type=application/json
Cookies:		<none>
Multiparts:		<none>
Body:			<none>
HTTP/1.1 200 OK
Date: Fri, 21 Oct 2022 10:45:52 GMT
Content-Type: application/json; charset=utf-8
Transfer-Encoding: chunked
Connection: keep-alive
X-Powered-By: Express
Access-Control-Allow-Origin: *
Etag: W/"406-ut0vzoCuidvyMf8arZpMpJ6ZRDw"
Via: 1.1 vegur
Cache-Control: max-age=14400
CF-Cache-Status: HIT
Age: 1489
Report-To: {"endpoints":[{"url":"https:\/\/a.nel.cloudflare.com\/report\/v3?s=Qef7tQXmP2UPvTt06AW9h%2BOMQH0hrAD0O2CJcE67e9kkQ2tfbkIZ5entiMLbq5C3EFSx7VPHM5c4NzaCyJxdhLz%2Fh5hwh1e7aR%2Fsm9aJtnWv2VIl61Vp8892cA%3D%3D"}],"group":"cf-nel","max_age":604800}
NEL: {"success_fraction":0,"report_to":"cf-nel","max_age":604800}
Vary: Accept-Encoding
Server: cloudflare
CF-RAY: 75d967fd7bb6660b-MAD
Content-Encoding: gzip

{
    "page": 2,
    "per_page": 6,
    "total": 12,
    "total_pages": 2,
    "data": [
        {
            "id": 7,
            "email": "michael.lawson@reqres.in",
            "first_name": "Michael",
            "last_name": "Lawson",
            "avatar": "https://reqres.in/img/faces/7-image.jpg"
        },
        {
            "id": 8,
            "email": "lindsay.ferguson@reqres.in",
            "first_name": "Lindsay",
            "last_name": "Ferguson",
            "avatar": "https://reqres.in/img/faces/8-image.jpg"
        },
        {
            "id": 9,
            "email": "tobias.funke@reqres.in",
            "first_name": "Tobias",
            "last_name": "Funke",
            "avatar": "https://reqres.in/img/faces/9-image.jpg"
        },
        {
            "id": 10,
            "email": "byron.fields@reqres.in",
            "first_name": "Byron",
            "last_name": "Fields",
            "avatar": "https://reqres.in/img/faces/10-image.jpg"
        },
        {
            "id": 11,
            "email": "george.edwards@reqres.in",
            "first_name": "George",
            "last_name": "Edwards",
            "avatar": "https://reqres.in/img/faces/11-image.jpg"
        },
        {
            "id": 12,
            "email": "rachel.howell@reqres.in",
            "first_name": "Rachel",
            "last_name": "Howell",
            "avatar": "https://reqres.in/img/faces/12-image.jpg"
        }
    ],
    "support": {
        "url": "https://reqres.in/#support-heading",
        "text": "To keep ReqRes free, contributions towards server costs are appreciated!"
    }
}
Usuarios: 6
Request method:	PATCH
Request URI:	https://reqres.in/api/users/2
Proxy:			<none>
Request params:	<none>
Query params:	<none>
Form params:	<none>
Path params:	<none>
Headers:		Accept=*/*
				Content-Type=application/json
Cookies:		<none>
Multiparts:		<none>
Body:
{
    "name": "morpheus",
    "job": "zion resident"
}
HTTP/1.1 200 OK
Date: Fri, 21 Oct 2022 10:45:53 GMT
Content-Type: application/json; charset=utf-8
Transfer-Encoding: chunked
Connection: keep-alive
X-Powered-By: Express
Access-Control-Allow-Origin: *
Etag: W/"50-koJFxtTZT+A7URODXVO8PjePF4o"
Via: 1.1 vegur
CF-Cache-Status: DYNAMIC
Report-To: {"endpoints":[{"url":"https:\/\/a.nel.cloudflare.com\/report\/v3?s=rwawm%2FlcN3mfVzvPzAW6v8f6GJhsuxvpaqlxweOlx5kM7pfwD1klxyZyObGPkXTP7Z1%2BPN%2FzLmsWjBLdz3i9zNgy5e4Ns62X9AJeUWaAJLI84vVaywKnes1w3Q%3D%3D"}],"group":"cf-nel","max_age":604800}
NEL: {"success_fraction":0,"report_to":"cf-nel","max_age":604800}
Server: cloudflare
CF-RAY: 75d967fe1fbeff34-MAD
Content-Encoding: gzip

{
    "name": "morpheus",
    "job": "zion resident",
    "updatedAt": "2022-10-21T10:45:53.050Z"
}
Request method:	DELETE
Request URI:	https://reqres.in/api/users/2
Proxy:			<none>
Request params:	<none>
Query params:	<none>
Form params:	<none>
Path params:	<none>
Headers:		Accept=*/*
				Content-Type=application/json
Cookies:		<none>
Multiparts:		<none>
Body:			<none>
HTTP/1.1 204 No Content
Date: Fri, 21 Oct 2022 10:45:53 GMT
Content-Length: 0
Connection: keep-alive
X-Powered-By: Express
Access-Control-Allow-Origin: *
Etag: W/"2-vyGp6PvFo4RvsFtPoIWeCReyIC8"
Via: 1.1 vegur
CF-Cache-Status: DYNAMIC
Report-To: {"endpoints":[{"url":"https:\/\/a.nel.cloudflare.com\/report\/v3?s=yHGMSaadTablafLGNuFakaVIhq0f9HhN%2FJQHhDNuOK98%2BaDPoxMLvTofXzdnY9nNRKaACIgQqdF6UmD9O79LWapEyVX7FHoOe1SOS9iyuNnnp5WB%2FUNzETQzgQ%3D%3D"}],"group":"cf-nel","max_age":604800}
NEL: {"success_fraction":0,"report_to":"cf-nel","max_age":604800}
Server: cloudflare
CF-RAY: 75d967ff29bd8669-MAD
]]></system-out>
  <system-err><![CDATA[oct 21, 2022 12:43:06 PM org.aspectj.weaver.tools.Jdk14Trace error
GRAVE: org/codehaus/groovy/runtime/callsite/AbstractCallSite
java.lang.RuntimeException: bad non-abstract method with no code: void org.codehaus.groovy.runtime.callsite.AbstractCallSite.<init>(org.codehaus.groovy.runtime.callsite.CallSiteArray, int, java.lang.String) on public class org.codehaus.groovy.runtime.callsite.AbstractCallSite
	at org.aspectj.weaver.bcel.LazyMethodGen.<init>(LazyMethodGen.java:221)
	at org.aspectj.weaver.bcel.LazyClassGen.<init>(LazyClassGen.java:360)
	at org.aspectj.weaver.bcel.BcelObjectType.getLazyClassGen(BcelObjectType.java:561)
	at org.aspectj.weaver.bcel.BcelWeaver.weave(BcelWeaver.java:1699)
	at org.aspectj.weaver.bcel.BcelWeaver.weaveWithoutDump(BcelWeaver.java:1650)
	at org.aspectj.weaver.bcel.BcelWeaver.weaveAndNotify(BcelWeaver.java:1417)
	at org.aspectj.weaver.bcel.BcelWeaver.weave(BcelWeaver.java:1192)
	at org.aspectj.weaver.tools.WeavingAdaptor.getWovenBytes(WeavingAdaptor.java:549)
	at org.aspectj.weaver.tools.WeavingAdaptor.weaveClass(WeavingAdaptor.java:385)
	at org.aspectj.weaver.loadtime.Aj.preProcess(Aj.java:115)
	at org.aspectj.weaver.loadtime.ClassPreProcessorAgentAdapter.transform(ClassPreProcessorAgentAdapter.java:51)
	at sun.instrument.TransformerManager.transform(TransformerManager.java:188)
	at sun.instrument.InstrumentationImpl.transform(InstrumentationImpl.java:428)
	at java.lang.ClassLoader.defineClass1(Native Method)
	at java.lang.ClassLoader.defineClass(ClassLoader.java:763)
	at java.lang.ClassLoader.defineClass(ClassLoader.java:642)
	at org.codehaus.groovy.reflection.SunClassLoader.define(SunClassLoader.java:99)
	at org.codehaus.groovy.runtime.callsite.GroovySunClassLoader.loadAbstract(GroovySunClassLoader.java:74)
	at org.codehaus.groovy.runtime.callsite.GroovySunClassLoader.<init>(GroovySunClassLoader.java:55)
	at org.codehaus.groovy.runtime.callsite.GroovySunClassLoader.<init>(GroovySunClassLoader.java:50)
	at org.codehaus.groovy.runtime.callsite.GroovySunClassLoader.lambda$static$0(GroovySunClassLoader.java:41)
	at java.security.AccessController.doPrivileged(Native Method)
	at org.codehaus.groovy.vmplugin.v8.Java8.doPrivileged(Java8.java:628)
	at org.codehaus.groovy.runtime.callsite.GroovySunClassLoader.<clinit>(GroovySunClassLoader.java:38)
	at org.codehaus.groovy.runtime.callsite.CallSiteGenerator.isCompilable(CallSiteGenerator.java:252)
	at org.codehaus.groovy.reflection.CachedMethod.createStaticMetaMethodSite(CachedMethod.java:302)
	at org.codehaus.groovy.runtime.callsite.StaticMetaMethodSite.createStaticMetaMethodSite(StaticMetaMethodSite.java:114)
	at groovy.lang.MetaClassImpl.createStaticSite(MetaClassImpl.java:3595)
	at org.codehaus.groovy.runtime.callsite.CallSiteArray.createCallStaticSite(CallSiteArray.java:73)
	at org.codehaus.groovy.runtime.callsite.CallSiteArray.createCallSite(CallSiteArray.java:155)
	at org.codehaus.groovy.runtime.callsite.CallSiteArray.defaultCall(CallSiteArray.java:46)
	at org.codehaus.groovy.runtime.callsite.AbstractCallSite.call(AbstractCallSite.java:125)
	at org.codehaus.groovy.runtime.callsite.AbstractCallSite.call(AbstractCallSite.java:130)
	at io.restassured.internal.common.assertion.AssertParameter.notNull(AssertParameter.groovy:21)
	at io.restassured.config.SSLConfig.<init>(SSLConfig.java:192)
	at io.restassured.config.SSLConfig.<init>(SSLConfig.java:184)
	at io.restassured.config.RestAssuredConfig.<init>(RestAssuredConfig.java:41)
	at io.restassured.RestAssured.<clinit>(RestAssured.java:422)
	at io.restassured.filter.log.StatusCodeBasedLoggingFilter.isPrettyPrintingEnabled(StatusCodeBasedLoggingFilter.java:142)
	at io.restassured.filter.log.StatusCodeBasedLoggingFilter.<init>(StatusCodeBasedLoggingFilter.java:72)
	at io.restassured.filter.log.ResponseLoggingFilter.<init>(ResponseLoggingFilter.java:137)
	at io.restassured.filter.log.ResponseLoggingFilter.<init>(ResponseLoggingFilter.java:115)
	at io.restassured.filter.log.ResponseLoggingFilter.<init>(ResponseLoggingFilter.java:73)
	at io.restassured.filter.log.ResponseLoggingFilter.<init>(ResponseLoggingFilter.java:37)
	at BaseTest.defaultRequestSpecification(BaseTest.java:37)
	at BaseTest.setup(BaseTest.java:30)
	at sun.reflect.NativeMethodAccessorImpl.invoke0(Native Method)
	at sun.reflect.NativeMethodAccessorImpl.invoke(NativeMethodAccessorImpl.java:62)
	at sun.reflect.DelegatingMethodAccessorImpl.invoke(DelegatingMethodAccessorImpl.java:43)
	at java.lang.reflect.Method.invoke(Method.java:498)
	at org.junit.platform.commons.util.ReflectionUtils.invokeMethod(ReflectionUtils.java:725)
	at org.junit.jupiter.engine.execution.MethodInvocation.proceed(MethodInvocation.java:60)
	at org.junit.jupiter.engine.execution.InvocationInterceptorChain$ValidatingInvocation.proceed(InvocationInterceptorChain.java:131)
	at org.junit.jupiter.engine.extension.TimeoutExtension.intercept(TimeoutExtension.java:149)
	at org.junit.jupiter.engine.extension.TimeoutExtension.interceptLifecycleMethod(TimeoutExtension.java:126)
	at org.junit.jupiter.engine.extension.TimeoutExtension.interceptBeforeAllMethod(TimeoutExtension.java:68)
	at org.junit.jupiter.engine.execution.ExecutableInvoker$ReflectiveInterceptorCall.lambda$ofVoidMethod$0(ExecutableInvoker.java:115)
	at org.junit.jupiter.engine.execution.ExecutableInvoker.lambda$invoke$0(ExecutableInvoker.java:105)
	at org.junit.jupiter.engine.execution.InvocationInterceptorChain$InterceptedInvocation.proceed(InvocationInterceptorChain.java:106)
	at org.junit.jupiter.engine.execution.InvocationInterceptorChain.proceed(InvocationInterceptorChain.java:64)
	at org.junit.jupiter.engine.execution.InvocationInterceptorChain.chainAndInvoke(InvocationInterceptorChain.java:45)
	at org.junit.jupiter.engine.execution.InvocationInterceptorChain.invoke(InvocationInterceptorChain.java:37)
	at org.junit.jupiter.engine.execution.ExecutableInvoker.invoke(ExecutableInvoker.java:104)
	at org.junit.jupiter.engine.execution.ExecutableInvoker.invoke(ExecutableInvoker.java:98)
	at org.junit.jupiter.engine.descriptor.ClassBasedTestDescriptor.lambda$invokeBeforeAllMethods$11(ClassBasedTestDescriptor.java:397)
	at org.junit.platform.engine.support.hierarchical.ThrowableCollector.execute(ThrowableCollector.java:73)
	at org.junit.jupiter.engine.descriptor.ClassBasedTestDescriptor.invokeBeforeAllMethods(ClassBasedTestDescriptor.java:395)
	at org.junit.jupiter.engine.descriptor.ClassBasedTestDescriptor.before(ClassBasedTestDescriptor.java:209)
	at org.junit.jupiter.engine.descriptor.ClassBasedTestDescriptor.before(ClassBasedTestDescriptor.java:80)
	at org.junit.platform.engine.support.hierarchical.NodeTestTask.lambda$executeRecursively$6(NodeTestTask.java:148)
	at org.junit.platform.engine.support.hierarchical.ThrowableCollector.execute(ThrowableCollector.java:73)
	at org.junit.platform.engine.support.hierarchical.NodeTestTask.lambda$executeRecursively$8(NodeTestTask.java:141)
	at org.junit.platform.engine.support.hierarchical.Node.around(Node.java:137)
	at org.junit.platform.engine.support.hierarchical.NodeTestTask.lambda$executeRecursively$9(NodeTestTask.java:139)
	at org.junit.platform.engine.support.hierarchical.ThrowableCollector.execute(ThrowableCollector.java:73)
	at org.junit.platform.engine.support.hierarchical.NodeTestTask.executeRecursively(NodeTestTask.java:138)
	at org.junit.platform.engine.support.hierarchical.NodeTestTask.execute(NodeTestTask.java:95)
	at java.util.ArrayList.forEach(ArrayList.java:1249)
	at org.junit.platform.engine.support.hierarchical.SameThreadHierarchicalTestExecutorService.invokeAll(SameThreadHierarchicalTestExecutorService.java:41)
	at org.junit.platform.engine.support.hierarchical.NodeTestTask.lambda$executeRecursively$6(NodeTestTask.java:155)
	at org.junit.platform.engine.support.hierarchical.ThrowableCollector.execute(ThrowableCollector.java:73)
	at org.junit.platform.engine.support.hierarchical.NodeTestTask.lambda$executeRecursively$8(NodeTestTask.java:141)
	at org.junit.platform.engine.support.hierarchical.Node.around(Node.java:137)
	at org.junit.platform.engine.support.hierarchical.NodeTestTask.lambda$executeRecursively$9(NodeTestTask.java:139)
	at org.junit.platform.engine.support.hierarchical.ThrowableCollector.execute(ThrowableCollector.java:73)
	at org.junit.platform.engine.support.hierarchical.NodeTestTask.executeRecursively(NodeTestTask.java:138)
	at org.junit.platform.engine.support.hierarchical.NodeTestTask.execute(NodeTestTask.java:95)
	at org.junit.platform.engine.support.hierarchical.SameThreadHierarchicalTestExecutorService.submit(SameThreadHierarchicalTestExecutorService.java:35)
	at org.junit.platform.engine.support.hierarchical.HierarchicalTestExecutor.execute(HierarchicalTestExecutor.java:57)
	at org.junit.platform.engine.support.hierarchical.HierarchicalTestEngine.execute(HierarchicalTestEngine.java:54)
	at org.junit.platform.launcher.core.EngineExecutionOrchestrator.execute(EngineExecutionOrchestrator.java:107)
	at org.junit.platform.launcher.core.EngineExecutionOrchestrator.execute(EngineExecutionOrchestrator.java:88)
	at org.junit.platform.launcher.core.EngineExecutionOrchestrator.lambda$execute$0(EngineExecutionOrchestrator.java:54)
	at org.junit.platform.launcher.core.EngineExecutionOrchestrator.withInterceptedStreams(EngineExecutionOrchestrator.java:67)
	at org.junit.platform.launcher.core.EngineExecutionOrchestrator.execute(EngineExecutionOrchestrator.java:52)
	at org.junit.platform.launcher.core.DefaultLauncher.execute(DefaultLauncher.java:114)
	at org.junit.platform.launcher.core.DefaultLauncher.execute(DefaultLauncher.java:86)
	at org.junit.platform.launcher.core.DefaultLauncherSession$DelegatingLauncher.execute(DefaultLauncherSession.java:86)
	at org.junit.platform.launcher.core.SessionPerRequestLauncher.execute(SessionPerRequestLauncher.java:53)
	at org.gradle.api.internal.tasks.testing.junitplatform.JUnitPlatformTestClassProcessor$CollectAllTestClassesExecutor.processAllTestClasses(JUnitPlatformTestClassProcessor.java:99)
	at org.gradle.api.internal.tasks.testing.junitplatform.JUnitPlatformTestClassProcessor$CollectAllTestClassesExecutor.access$000(JUnitPlatformTestClassProcessor.java:79)
	at org.gradle.api.internal.tasks.testing.junitplatform.JUnitPlatformTestClassProcessor.stop(JUnitPlatformTestClassProcessor.java:75)
	at org.gradle.api.internal.tasks.testing.SuiteTestClassProcessor.stop(SuiteTestClassProcessor.java:61)
	at sun.reflect.NativeMethodAccessorImpl.invoke0(Native Method)
	at sun.reflect.NativeMethodAccessorImpl.invoke(NativeMethodAccessorImpl.java:62)
	at sun.reflect.DelegatingMethodAccessorImpl.invoke(DelegatingMethodAccessorImpl.java:43)
	at java.lang.reflect.Method.invoke(Method.java:498)
	at org.gradle.internal.dispatch.ReflectionDispatch.dispatch(ReflectionDispatch.java:36)
	at org.gradle.internal.dispatch.ReflectionDispatch.dispatch(ReflectionDispatch.java:24)
	at org.gradle.internal.dispatch.ContextClassLoaderDispatch.dispatch(ContextClassLoaderDispatch.java:33)
	at org.gradle.internal.dispatch.ProxyDispatchAdapter$DispatchingInvocationHandler.invoke(ProxyDispatchAdapter.java:94)
	at com.sun.proxy.$Proxy2.stop(Unknown Source)
	at org.gradle.api.internal.tasks.testing.worker.TestWorker$3.run(TestWorker.java:193)
	at org.gradle.api.internal.tasks.testing.worker.TestWorker.executeAndMaintainThreadName(TestWorker.java:129)
	at org.gradle.api.internal.tasks.testing.worker.TestWorker.execute(TestWorker.java:100)
	at org.gradle.api.internal.tasks.testing.worker.TestWorker.execute(TestWorker.java:60)
	at org.gradle.process.internal.worker.child.ActionExecutionWorker.execute(ActionExecutionWorker.java:56)
	at org.gradle.process.internal.worker.child.SystemApplicationClassLoaderWorker.call(SystemApplicationClassLoaderWorker.java:133)
	at org.gradle.process.internal.worker.child.SystemApplicationClassLoaderWorker.call(SystemApplicationClassLoaderWorker.java:71)
	at worker.org.gradle.process.internal.worker.GradleWorkerMain.run(GradleWorkerMain.java:69)
	at worker.org.gradle.process.internal.worker.GradleWorkerMain.main(GradleWorkerMain.java:74)

oct 21, 2022 12:43:06 PM org.aspectj.weaver.tools.Jdk14Trace info
INFORMACIÓN: Dumping to C:\Users\67729376\IdeaProjects\RestAssuredBP\.\ajcore.20221021.124306.583.txt
]]></system-err>
</testsuite>
